D:\Dropbox\#_Cancer\## PHH Lab\1_Main Research\Cachexia scRNA\2_Raw Data\#_Cachexia scRNA Rawdata V3_Debug\
TN136_S1_L001_R1_001.fastq.gz
931490461
487243AC52719CDE92B279FF8851A393
FA0EEA4CA6AD34A3995DF6C6DAA8303A334F1044

D:\Dropbox\#_Cancer\## PHH Lab\1_Main Research\Cachexia scRNA\2_Raw Data\#_Cachexia scRNA Rawdata V3_Debug\
TN136_S1_L001_R2_001.fastq.gz
2088915886
1191F23B457F3A37CD88B9EBD4C7D1D1
F789812CA75B850374F16655FA940F9C297887F5

D:\Dropbox\#_Cancer\## PHH Lab\1_Main Research\Cachexia scRNA\2_Raw Data\#_Cachexia scRNA Rawdata V3_Debug\
TN136_S1_L002_R1_001.fastq.gz
915151302
0FC172AEECE484732FB22D8A7507FA1A
AA4AEE1B48BA1206C005C0009BDABA7DD795A97D

D:\Dropbox\#_Cancer\## PHH Lab\1_Main Research\Cachexia scRNA\2_Raw Data\#_Cachexia scRNA Rawdata V3_Debug\
TN136_S1_L002_R2_001.fastq.gz
2037493663
7906F782AF7966F974FD3D6FF0922993
055B935E331C387D7385B3C4F23F7132C2EF8142

D:\Dropbox\#_Cancer\## PHH Lab\1_Main Research\Cachexia scRNA\2_Raw Data\#_Cachexia scRNA Rawdata V3_Debug\
TN137_S2_L001_R1_001.fastq.gz
947629316
9E67F441B8CBE5629B826C5A815C3667
115D0BF070DA5096E5DA54485C2A6A8B73FC60E1

D:\Dropbox\#_Cancer\## PHH Lab\1_Main Research\Cachexia scRNA\2_Raw Data\#_Cachexia scRNA Rawdata V3_Debug\
TN137_S2_L001_R2_001.fastq.gz
2128528657
FBE07D9BBFB3EEBA6CF4360E94D96CE9
3070EF7854A17B53916E7C0E302F49223249723D

D:\Dropbox\#_Cancer\## PHH Lab\1_Main Research\Cachexia scRNA\2_Raw Data\#_Cachexia scRNA Rawdata V3_Debug\
TN137_S2_L002_R1_001.fastq.gz
922545398
56EBB36D19272D22A307514CDACA36CA
012944644FA775FD52399626ED380F40C84D0984

D:\Dropbox\#_Cancer\## PHH Lab\1_Main Research\Cachexia scRNA\2_Raw Data\#_Cachexia scRNA Rawdata V3_Debug\
TN137_S2_L002_R2_001.fastq.gz
2057226094
841FB3BF140B2327A3464524A681415D
0E43CBDC598D1E34A6B2BB209810BEF78070FC24

D:\Dropbox\#_Cancer\## PHH Lab\1_Main Research\Cachexia scRNA\2_Raw Data\#_Cachexia scRNA Rawdata V3_Debug\
TN138_S3_L001_R1_001.fastq.gz
975606906
8A303CB309B66149C3D7C24FF14B6ADD
9DDD01D0E16B97A9F0FB8A61AAEC820970C8D95F

D:\Dropbox\#_Cancer\## PHH Lab\1_Main Research\Cachexia scRNA\2_Raw Data\#_Cachexia scRNA Rawdata V3_Debug\
TN138_S3_L001_R2_001.fastq.gz
2187537874
93660679A26E1DAE981EAC9E88EDBA89
7BD38828B5B37B9C3557CFF09E973CEDAE55529B

D:\Dropbox\#_Cancer\## PHH Lab\1_Main Research\Cachexia scRNA\2_Raw Data\#_Cachexia scRNA Rawdata V3_Debug\
TN138_S3_L002_R1_001.fastq.gz
948648741
C6708807148B287D0BAD4481FD3B0B61
6AB69ACAE8F5CE6F9E2B7FC56966E97DFBD746FD

D:\Dropbox\#_Cancer\## PHH Lab\1_Main Research\Cachexia scRNA\2_Raw Data\#_Cachexia scRNA Rawdata V3_Debug\
TN138_S3_L002_R2_001.fastq.gz
2112804812
B544A262F5A47BF9DB34B8F7A1B6832E
FBC07E99D9ACEA1F1B148B90404A7662A8E836C1

D:\Dropbox\#_Cancer\## PHH Lab\1_Main Research\Cachexia scRNA\2_Raw Data\#_Cachexia scRNA Rawdata V3_Debug\
TN139_S4_L001_R1_001.fastq.gz
1016213587
3E6B652432DB0DF6E996B02A72BC1E57
A2DA80CF2CDDE305746FD0BFA09D0EA215A01251

D:\Dropbox\#_Cancer\## PHH Lab\1_Main Research\Cachexia scRNA\2_Raw Data\#_Cachexia scRNA Rawdata V3_Debug\
TN139_S4_L001_R2_001.fastq.gz
2289151483
DDB4D697497D68D9B27208602081E9D1
D4BAAAE84080D5150D4BD3892FEB0766C552A1D9

D:\Dropbox\#_Cancer\## PHH Lab\1_Main Research\Cachexia scRNA\2_Raw Data\#_Cachexia scRNA Rawdata V3_Debug\
TN139_S4_L002_R1_001.fastq.gz
983583827
4A6660F0AD4F10175B1015FA682FFFB0
21134577E4C2586C98EA6D318E8EDCBE12DDD749

D:\Dropbox\#_Cancer\## PHH Lab\1_Main Research\Cachexia scRNA\2_Raw Data\#_Cachexia scRNA Rawdata V3_Debug\
TN139_S4_L002_R2_001.fastq.gz
2200665868
76F32B1055648CC7BE2912399A173D79
BCF119FF54B98269DE35689513663AA4C63F031D

D:\Dropbox\#_Cancer\## PHH Lab\1_Main Research\Cachexia scRNA\2_Raw Data\#_Cachexia scRNA Rawdata V3_Debug\
TN145_S5_L001_R1_001.fastq.gz
992723571
BC540CDF4FDC0CBB42386E2FEBD6072E
A66B9082DB5B289076C9B5733025BD3840379D51

D:\Dropbox\#_Cancer\## PHH Lab\1_Main Research\Cachexia scRNA\2_Raw Data\#_Cachexia scRNA Rawdata V3_Debug\
TN145_S5_L001_R2_001.fastq.gz
2232792384
72CB78E4AE14894CAFD6B9CC4A5AF3B0
378BAA92D28ABC8E05EEADA9E4E38FCF074966DF

D:\Dropbox\#_Cancer\## PHH Lab\1_Main Research\Cachexia scRNA\2_Raw Data\#_Cachexia scRNA Rawdata V3_Debug\
TN145_S5_L002_R1_001.fastq.gz
944684511
368E4B843044A3F1D924FF6E8E9289CF
83FB6D734E9567CF3CC76433D228089115CC66A5

D:\Dropbox\#_Cancer\## PHH Lab\1_Main Research\Cachexia scRNA\2_Raw Data\#_Cachexia scRNA Rawdata V3_Debug\
TN145_S5_L002_R2_001.fastq.gz
2112888503
2D466CDAAA2B562CA341623FF681E175
C4115C01EF0CC13DC107536C41F3703FC7A39E97

D:\Dropbox\#_Cancer\## PHH Lab\1_Main Research\Cachexia scRNA\2_Raw Data\#_Cachexia scRNA Rawdata V3_Debug\
TN146_S6_L001_R1_001.fastq.gz
907986411
5AD007BBEF0353D207C240F0882E7B00
19F5DD764F429FDD9916634D3A83EAB72080E1DD

D:\Dropbox\#_Cancer\## PHH Lab\1_Main Research\Cachexia scRNA\2_Raw Data\#_Cachexia scRNA Rawdata V3_Debug\
TN146_S6_L001_R2_001.fastq.gz
2006741504
18F030194261D70DEF1ECF5623845CFD
DE1121662688AAE5483DADEAE43B110495105377

D:\Dropbox\#_Cancer\## PHH Lab\1_Main Research\Cachexia scRNA\2_Raw Data\#_Cachexia scRNA Rawdata V3_Debug\
TN146_S6_L002_R1_001.fastq.gz
860527451
221CED9AE1A3109752E80F33837B5B7C
AF10C8356A69145B3A1CC4D1F736C150C81B2B8C

D:\Dropbox\#_Cancer\## PHH Lab\1_Main Research\Cachexia scRNA\2_Raw Data\#_Cachexia scRNA Rawdata V3_Debug\
TN146_S6_L002_R2_001.fastq.gz
1895723303
386BAAC10A6D6B0687483865A8E87046
A940DB490DB9523768C3B337203CCA8A874D1301

D:\Dropbox\#_Cancer\## PHH Lab\1_Main Research\Cachexia scRNA\2_Raw Data\#_Cachexia scRNA Rawdata V3_Debug\
TN147_S7_L001_R1_001.fastq.gz
986782556
8CAD179CD80DE5FFB2D74E36BC503219
5CCA36BBF484B86A9BCE668D820703A4D223026B

D:\Dropbox\#_Cancer\## PHH Lab\1_Main Research\Cachexia scRNA\2_Raw Data\#_Cachexia scRNA Rawdata V3_Debug\
TN147_S7_L001_R2_001.fastq.gz
2223853830
C5A3BA84BC5A1066BE91E6C04937BBCE
E3BB29C6E774EB3E15D3D9F8E8459E9593EAAD02

D:\Dropbox\#_Cancer\## PHH Lab\1_Main Research\Cachexia scRNA\2_Raw Data\#_Cachexia scRNA Rawdata V3_Debug\
TN147_S7_L002_R1_001.fastq.gz
955896079
C0708C7273D9A5A51692B6E25A99EF78
A97B53B411CBA62CA199034DA86347B56EA2FA72

D:\Dropbox\#_Cancer\## PHH Lab\1_Main Research\Cachexia scRNA\2_Raw Data\#_Cachexia scRNA Rawdata V3_Debug\
TN147_S7_L002_R2_001.fastq.gz
2141290486
C90EF3059BAE2CA0A8E27CEBBA25D229
BD4931AA7838AE196426292BC428F51424DD0354

D:\Dropbox\#_Cancer\## PHH Lab\1_Main Research\Cachexia scRNA\2_Raw Data\#_Cachexia scRNA Rawdata V3_Debug\
TN148_S8_L001_R1_001.fastq.gz
1009529230
DDC0E8B24458C09B4C37D2E27F0A4F36
6960574424697FECCCE19D144D6DD0709AE280B6

D:\Dropbox\#_Cancer\## PHH Lab\1_Main Research\Cachexia scRNA\2_Raw Data\#_Cachexia scRNA Rawdata V3_Debug\
TN148_S8_L001_R2_001.fastq.gz
2269542338
4E3C9ED4033251ED7ECC5A0E728BF2A6
05CFA9B9C40FE62C65598A5D3AD9989F309AA8DA

D:\Dropbox\#_Cancer\## PHH Lab\1_Main Research\Cachexia scRNA\2_Raw Data\#_Cachexia scRNA Rawdata V3_Debug\
TN148_S8_L002_R1_001.fastq.gz
964671379
1E771C87A583AAB517C9AB63E215ABF5
19819DD47442CBD0FAA89550733DC280FB26799E

D:\Dropbox\#_Cancer\## PHH Lab\1_Main Research\Cachexia scRNA\2_Raw Data\#_Cachexia scRNA Rawdata V3_Debug\
TN148_S8_L002_R2_001.fastq.gz
2157534849
3BC7BC760B49EEB31E75150B942270B9
9CF3F9C8331075DC96CB5C800805F4CE8D708D30


32 Files.
